<?xml version="1.0" encoding="UTF-8"?>
<testsuite name="WordTest" tests="4" skipped="0" failures="0" errors="0" timestamp="2016-04-30T02:03:21" hostname="Liams-MacBook-Air.local" time="0.003">
  <properties/>
  <testcase name="getAllReturnsDictionary" classname="WordTest" time="0.002"/>
  <testcase name="getWordReturnsWord_True" classname="WordTest" time="0.0"/>
  <testcase name="Word_InstanceOfWord_True" classname="WordTest" time="0.0"/>
  <testcase name="Word_ReturnsDefinition_True" classname="WordTest" time="0.001"/>
  <system-out><![CDATA[[Word@626b7d92, Word@30982a20, Word@3d9a432f]
example definition
This is a definition

]]></system-out>
  <system-err><![CDATA[]]></system-err>
</testsuite>
