<?xml version="1.0" encoding="UTF-8"?>
<testsuite name="WordTest" tests="5" skipped="0" failures="0" errors="0" timestamp="2016-05-09T22:43:00" hostname="Liams-MacBook-Air.local" time="0.003">
  <properties/>
  <testcase name="getWord_returnsWord_String" classname="WordTest" time="0.0"/>
  <testcase name="Word_InstanceOfWordWithDefinition_True" classname="WordTest" time="0.001"/>
  <testcase name="getId_returnsId_True" classname="WordTest" time="0.0"/>
  <testcase name="find_returnsWordById_True" classname="WordTest" time="0.0"/>
  <testcase name="getAll_returnsDictionary_Array" classname="WordTest" time="0.001"/>
  <system-out><![CDATA[]]></system-out>
  <system-err><![CDATA[]]></system-err>
</testsuite>
