<?xml version="1.0" encoding="UTF-8"?>
<testsuite name="DefinitionTest" tests="2" skipped="0" failures="0" errors="0" timestamp="2016-04-30T22:35:57" hostname="Liams-MacBook-Air.local" time="0.002">
  <properties/>
  <testcase name="instanceOfDefinition_True" classname="DefinitionTest" time="0.001"/>
  <testcase name="returnsDefinition_True" classname="DefinitionTest" time="0.001"/>
  <system-out><![CDATA[]]></system-out>
  <system-err><![CDATA[]]></system-err>
</testsuite>
