<?xml version="1.0" encoding="UTF-8"?>
<testsuite name="WordTest" tests="2" skipped="0" failures="0" errors="0" timestamp="2016-04-29T16:46:42" hostname="Liams-MacBook-Air.local" time="0.022">
  <properties/>
  <testcase name="Word_addedDefitionIsAnArrayList_True" classname="WordTest" time="0.018"/>
  <testcase name="Word_InstanceOfWord_True" classname="WordTest" time="0.0"/>
  <system-out><![CDATA[[Definition@6ff0b225]
[Definition@6ff0b225, Definition@6ff0b225]
]]></system-out>
  <system-err><![CDATA[]]></system-err>
</testsuite>
