<?xml version="1.0" encoding="UTF-8"?>
<testsuite name="RectangleTest" tests="3" skipped="0" failures="0" errors="0" timestamp="2016-04-29T17:17:19" hostname="Liams-MacBook-Air.local" time="0.003">
  <properties/>
  <testcase name="newRectangle_instantiatesCorrectly" classname="RectangleTest" time="0.003"/>
  <testcase name="getWidth_getsRectangleWidth_2" classname="RectangleTest" time="0.0"/>
  <testcase name="isSquare_whenNotASquare_false" classname="RectangleTest" time="0.0"/>
  <system-out><![CDATA[]]></system-out>
  <system-err><![CDATA[]]></system-err>
</testsuite>
