<?xml version="1.0" encoding="UTF-8"?>
<testsuite name="WordTest" tests="4" skipped="0" failures="0" errors="0" timestamp="2016-05-05T15:49:49" hostname="Liams-MacBook-Air.local" time="0.002">
  <properties/>
  <testcase name="Word_InstanceOfWordWithDefinition_True" classname="WordTest" time="0.001"/>
  <testcase name="getAllReturnsDictionary" classname="WordTest" time="0.0"/>
  <testcase name="returnsWordId" classname="WordTest" time="0.001"/>
  <testcase name="getWordReturnsWord_True" classname="WordTest" time="0.0"/>
  <system-out><![CDATA[]]></system-out>
  <system-err><![CDATA[]]></system-err>
</testsuite>
