<?xml version="1.0" encoding="UTF-8"?>
<testsuite name="DefinitionTest" tests="1" skipped="0" failures="0" errors="0" timestamp="2016-04-29T18:43:00" hostname="Liams-MacBook-Air.local" time="0.003">
  <properties/>
  <testcase name="Word_InstanceOfWord_True" classname="DefinitionTest" time="0.003"/>
  <system-out><![CDATA[]]></system-out>
  <system-err><![CDATA[]]></system-err>
</testsuite>
